<?xml version="1.0" encoding="UTF-8"?>
<!-- Generated by org.testng.reporters.JUnitReportReporter -->
<testsuite hostname="LAPTOP-Q5JGGF1T" failures="0" tests="1" name="testCases.MyFirstTestFW" time="0.000" errors="0" timestamp="2023-06-09T17:45:31 IST" skipped="1">
  <testcase classname="testCases.MyFirstTestFW" name="LoginTest" time="0.000">
    <skipped/>
  </testcase> <!-- LoginTest -->
  <system-out/>
</testsuite> <!-- testCases.MyFirstTestFW -->
